<?xml version="1.0" encoding="UTF-8"?>
<testng-results skipped="0" failed="0" total="0" passed="0">
  <reporter-output>
  </reporter-output>
  <suite name="com.QEdge.AppTest" duration-ms="7" started-at="2016-06-28T04:23:37Z" finished-at="2016-06-28T04:23:37Z">
    <groups>
    </groups>
    <test name="Command line test" duration-ms="7" started-at="2016-06-28T04:23:37Z" finished-at="2016-06-28T04:23:37Z">
    </test> <!-- Command line test -->
  </suite> <!-- com.QEdge.AppTest -->
</testng-results>
