<?xml version="1.0" encoding="UTF-8"?>
<testng-results skipped="0" failed="0" total="1" passed="1">
  <reporter-output>
  </reporter-output>
  <suite name="Default suite" duration-ms="9450" started-at="2016-06-28T04:21:16Z" finished-at="2016-06-28T04:21:26Z">
    <groups>
    </groups>
    <test name="Default test" duration-ms="9450" started-at="2016-06-28T04:21:16Z" finished-at="2016-06-28T04:21:26Z">
      <class name="com.QEdge.fflaunch">
        <test-method status="PASS" signature="mm()[pri:0, instance:com.QEdge.fflaunch@6e95b0a3]" name="mm" duration-ms="9380" started-at="2016-06-28T09:51:16Z" finished-at="2016-06-28T09:51:26Z">
          <reporter-output>
          </reporter-output>
        </test-method> <!-- mm -->
      </class> <!-- com.QEdge.fflaunch -->
    </test> <!-- Default test -->
  </suite> <!-- Default suite -->
</testng-results>
